
> backend@1.0.0 start:dev /home/dalton/dev/udeu/backend
> nest start --watch

[2J[3J[H[[90m7:39:13 PM[0m] Starting compilation in watch mode...

To restart at any time, enter [90mrs[39m.

[96msrc/modules/users/user.module.ts[0m:[93m5[0m:[93m32[0m - [91merror[0m[90m TS2307: [0mCannot find module './user.controller' or its corresponding type declarations.

[7m5[0m import { UserController } from './user.controller';
[7m [0m [91m                               ~~~~~~~~~~~~~~~~~~~[0m

[[90m7:39:17 PM[0m] Found 1 error. Watching for file changes.

node:events:496
      throw er; // Unhandled 'error' event
      ^

Error: EBADF: bad file descriptor, read
Emitted 'error' event on ReadStream instance at:
    at emitErrorNT (node:internal/streams/destroy:170:8)
    at errorOrDestroy (node:internal/streams/destroy:239:7)
    at node:internal/fs/streams:272:9
    at FSReqCallback.wrapper [as oncomplete] (node:fs:671:5) {
  errno: -9,
  code: 'EBADF',
  syscall: 'read'
}

Node.js v22.11.0
 ELIFECYCLE  Command failed with exit code 1.
